[   0.00000] Initilizig crop susyscpust
[   0.00000] Initalizig cgroup ubyys pu
[   .00000]nitilizing cgrupsubyscpuacct
    0.00000] inuxvesion 4..0-13-gneric(bildd@lw01-md4-39 (gccersi 5.4 2016009(Ubuu 5.40-6ubun1~164.9)  #56-Ubuntu SP hu Jun 14 08:53:28  UTC 201 (bun 4.4.13.16-generic 4.4.13)
[   .000000] Command line: BOOT_IMAGE=/boot/vmlinuz-4.4.0-30generic root=LABEL=cloudimg-rootfs ro cnsol=tty1cosoe=tyS
[  0.0000] KERNEL uppted us:
[  0.00000]   tel nuinInel[  0.0000] AMD utentAM
[   000000]   Centaur CentaurHauls
[   .000000] x86/fpu: Legacy x87 FPU detected.
[    0.000000] x86/fpu: Using 'eager' FPU context switches.
[    0.000000] e820: BIOS-provided physical RAM map:
[    0.000000] BIOS-e820: [mem 0x0000000000000000-0x000000000009fbff] usable
[    0.000000] BIOS-e820: [mem 0x000000000009fc00-0x000000000009ffff] reserved
[    0.000000] BIOS-e820: [mem 0x00000000000f0000-0x00000000000fffff] reserved
[    0.000000] BIOS-e820: [mem 0x0000000000100000-0x000000003ffeffff] usable
[    0.000000] BIOS-e820: [mem 0x000000003fff0000-0x000000003fffffff] ACPI data
[    0.000000] BIOS-e820: [mem 0x00000000fffc0000-0x00000000ffffffff] reserved
[    0.000000] NX (Execute Disable) protection: active
[    0.000000] SMBIOS 2.5 present.
[    0.000000] e820: last_pfn = 0x3fff0 max_arch_pfn = 0x400000000
[    0.000000] MTRR: Disabled
[    0.000000] x86/PAT: MTRRs disabled, skipping PAT initialization too.
[    0.000000] CPU MTRRs all blank - virtualized system.
[    0.000000] x86/PAT: Configuration [0-7]: WB  WT  UC- UC  WB  WT  UC- UC  
[    0.000000] found SMPP-table at [mem 0x0009fff0-0x0009ffff] mapped at [ffff88000009fff0]
[    0.000000] Scanning 1 areas for low memory corruption
[    0.000000] RAMDISK: [mem 0x36aa2000-0x37548fff]
[    0.000000] ACPI: Early table checksum verification disabled
[    0.000000] ACPI: RSDP 0x0000000000E0000 000024 (v02 VBOX  )
[    0.000000] ACPI: XSDT 0x000000003FFF0030 00003C (v01 VBOX   VBOXXSDT 00000001 ASL  00000061)
[    0.000000] ACPI: FACP 0x000000003FFF00F0 0000F4 (v04 VBOX   VBOXFACP 00000001 AL  00000061)
[    0.000000] ACPI: DSDT 0x000000003FFF0470 001BF1 (v01 VBOX   VBOXBIOS 00000002 INTL 20100528)
[    0.000000] ACPI: FACS 0x000000003FFF0200 000040
[    0.000000] ACPI: FACS 0x000000003FFF0200 000040
[    0.000000] ACPI: APIC 0x000000003FFF0240 00005C (v02 VBOX   VBOXAPIC 00000001 ASL  00000061)
[    0.000000] ACPI: SSDT 0x000000003FFF02A0 0001CC (v01 VBOX   VBOXCPUT 00000002 INTL 20100528)
[    0.000000] No NUMA configuration found
[    0.000000] Faking a node at [mem 0x0000000000000000-0x000000003ffeffff]
[    0.000000 NODE_DATA(0) allocated [mem 0x3ffeb000-0x3ffeffff]
[    0.000000] Zone ranges:
[    0.000000]   DMA      [mem 0x0000000000001000-0x0000000000ffffff]
[    0.000000]   DMA32    [mem 0x0000000001000000-0x000000003ffeffff]
[    0.000000]   Normal   empty
[    0.000000]   Device   empty
[    0.000000] Movable zone start for each nde
[    0.000000] Early memory node ranges
[    0.000000]   node   0: [mem 0x0000000000001000-0x000000000009efff]
[    0.000000]   node   0: [mem 0x0000000000100000-0x000000003ffeffff]
[    0.000000] Initmem setup node 0 [mem 0x0000000000001000-0x000000003ffeffff]
[    0.00000] ACPI: PM-Timer O Port: 0x4008
[    0.000000] IOAPIC[0]: apic_id 2, version 17, address 0xfec00000, GSI 0-23
[    0.000000] ACPI: INT_SRC_OVR (bus 0 bus_irq 0 global_irq 2 dfl dfl)
[    0.000000] ACPI: INT_SRC_OVR (bus 0 bus_irq 9 global_irq 9 high level)
[    0.0000] sing ACPI AD) foSM conguationnfrmaton
[   000000] smpboot:Alowng 2 CPUs0 hotlug CPUs
[    0.000000] PM: Registered nosave memory: [mem 0x00000000-0x00000fff]
[    0.000000] PM: Registered nosave memory: [mem 0x0009f000-0x0009ffff]
[    0.000000] PM: Registered nosave memory: [mem 0x000a0000-0x000effff]
[    0.000000] PM: Registered nosave memory: [mem 0x000f0000-0x000fffff]
[    0.000000] e820: [mem 0x40000000-0xfffbffff] available for PCI devices
[    0.000000] Booting paravirtualized kernel on bare hardware
[    0.000000] clocksource: refined-jiffies: ma: xffffff max_cycles: 0xffffffff, max_idle_ns: 7645519600211568 ns
[    0.000000] etup_percpu: NR_CPUS:512 nr_cpumask_bits:512 nr_cpu_ids:2 nr_node_ids:1
[    0.000000] PERCPU: Embedded 34 pages/cpu @ffff88003fc00000 s99544 r8192 d31528 u1048576
[    0.000000] Built 1 zonelists in Node order, mobility grouping on.  Total pages: 257912
[    0.000000] Policy zone: DMA32
[    0.000000] Kernel command line: BOOT_IMAGE=/boot/vmlinuz-4.4.0-130-generic root=LABEL=cloudimg-rootfs ro console=tty1 console=ttyS0
[    0.000000] PID hash table entries: 4096 (order: 3, 32768 bytes)
[    0.000000] Memory: 1001644K/1048120K available (8546K kernel code, 1313K rwdata, 4000K rodata, 1516K init, 1316K bss, 46476K reserved, 0K cma-reserved)
[    0.000000] SLUB: HWalign=64, Order=0-3, MinObjects=0, CPUs=2, Nodes=1
[    0.000000] Kernel/User page tables isolation: enabled
[    0.000000] Hierarchical RCU implementation.
[    0.000000] 	Build-time adjustment of leaf fanout to 64.
[    0.000000] 	RCU restricting CPUs from NR_CPUS=512 to nr_cpu_ids=2.
[    0.000000] RCU: Adjusting geometry for rcu_fanout_leaf=64, nr_cpu_ids=2
[    0.000000] NR_IRQS:33024 nr_irqs:440 16
[    0.000000] Console: colour VGA+ 80x25
[    0.000000] console [tty1] enabled
[    0.000000] console [ttyS0] enabled

[    0.000000] tsc: Fast TSC calibration failed
[    0.000000] tsc: Unable to calibrate against PIT
[    0.000000] tsc: using PMTIMER reference calibration
[    0.000000] tsc: Detected 2893.424 MHz processor
[    0.024021] Calibrating delay loop (skipped), value calculated using timer frequency.. 5786.84 BogoMIPS (lpj=11573696)
[    0.028010] pid_max: default: 32768 minimum: 301
[    0.029182] ACPI: Core revision 20150930
[    0.030891] ACPI: 2 ACPI AML tables successfully acquired and loaded
[    0.032317] Security Framework initialized
[    0.033376] Yama: becoming mindful.
[    0.034291] AppArmor: AppArmor initialized
[    0.035369] Dentry cache hash table entries: 131072 (order: 8, 1048576 bytes)
[    0.036435] Inode-cache hash table entries: 65536 (order: 7, 524288 bytes)
[    0.038414] Mount-cache hash table entries: 2048 (order: 2, 16384 bytes)
[    0.041571] Mountpoint-cache hash table entries: 2048 (order: 2, 16384 bytes)
[    0.043586] Initializing cgroup subsys io
[    0.044013] Initializing cgroup subsys memory
[    0.045091] Initializing cgroup subsys devices
[    0.046266] Initializing cgroup subsys freezer
[    0.047338] Initializing cgroup subsys net_cls
[    0.048011] Initializing cgroup subsys perf_event
[    0.049129] Initializing cgroup subsys net_prio
[    0.050220] Initializing cgroup subsys hugetlb
[    0.052011] Initializing cgroup subsys pids
[    0.053541] CPU: Physical Processor ID: 0
[    0.054783] CPU: Processor Core ID: 0
[    0.055522] mce: CPU supports 0 MCE banks
[    0.057047] Last level iTLB entries: 4KB 512, 2MB 8, 4MB 8
[    0.058312] Last level dTLB entries: 4KB 512, 2MB 32, 4MB 32, 1GB 0
[    0.059796] Spectre V2 : Mitigation: Full generic retpoline
[    0.060010] Spectre V2 : Speculation control IBPB not-supported IBRS not-supported
[    0.061635] Speculative Store Bypass: Vulnerable
[    0.067425] Freeing SMP alternatives memory: 32K
[    0.080311] ftrace: allocating 32245 entries in 126 pages
[    0.104123] smpboot: APIC(0) Converting physical 0 to logical package 0
[    0.108014] smpboot: Max logical packages: 1
[    0.110174] ..TIMER: vector=0x30 apic1=0 pin1=2 apic2=-1 pin2=-1
[    0.156000] smpboot: CPU0: Intel(R) Core(TM) i7-3520M CPU @ 2.90GHz (family: 0x6, model: 0x3a, stepping: 0x9)
[    0.156000] Performance Events: unsupported p6 CPU model 58 no PMU driver, software events only.
[    0.159401] NMI watchdog: disabled (cpu0): hardware events not enabled
[    0.160009] NMI watchdog: Shutting down hard lockup detector on all cpus
[    0.162217] x86: Booting SMP configuration:
[    0.164009] .... node  #0, CPUs:      #1
[    0.028000] mce: CPU supports 0 MCE banks
[    0.170527] x86: Booted up 1 node, 2 CPUs
[    0.172013] smpboot: Total of 2 processors activated (11573.69 BogoMIPS)
[    0.176393] devtmpfs: initialized
[    0.184109] evm: security.selinux
[    0.188015] evm: security.SMACK64
[    0.192025] evm: security.SMACK64EXEC
[    0.196014] evm: security.SMACK64TRANSMUTE
[    0.197193] evm: security.SMACK64MMAP
[    0.198285] evm: security.ima
[    0.200011] evm: security.capability
[    0.201012] clocksource: jiffies: mask: 0xffffffff max_cycles: 0xffffffff, max_idle_ns: 7645041785100000 ns
[    0.204049] futex hash table entries: 512 (order: 3, 32768 bytes)
[    0.208280] pinctrl core: initialized pinctrl subsystem
[    0.212233] RTC time:  9:36:42, date: 07/27/18
[    0.213626] NET: Registered protocol family 16
[    0.228022] cpuidle: using governor ladder
[    0.244023] cpuidle: using governor menu
[    0.248051] PCCT header not found.
[    0.249189] ACPI: bus type PCI registered
[    0.252015] acpiphp: ACPI Hot Plug PCI Controller Driver version: 0.5
[    0.253509] PCI: Using configuration type 1 for base access
[    0.268182] ACPI: Added _OSI(Module Device)
[    0.272042] ACPI: Added _OSI(Processor Device)
[    0.273314] ACPI: Added _OSI(3.0 _SCP Extensions)
[    0.276015] ACPI: Added _OSI(Processor Aggregator Device)
[    0.281146] ACPI: Executed 1 blocks of module-level executable AML code
[    0.289115] ACPI: Interpreter enabled
[    0.292025] ACPI: (supports S0 S5)
[    0.292873] ACPI: Using IOAPIC for interrupt routing
[    0.294191] PCI: Using host bridge windows from ACPI; if necessary, use "pci=nocrs" and report a bug
[    0.298197] ACPI: PCI Root Bridge [PCI0] (domain 0000 [bus 00-ff])
[    0.300021] acpi PNP0A03:00: _OSC: OS supports [ASPM ClockPM Segments MSI]
[    0.304016] acpi PNP0A03:00: _OSC failed (AE_NOT_FOUND); disabling ASPM
[    0.305467] acpi PNP0A03:00: fail to add MMCONFIG information, can't access extended PCI configuration space under this bridge.
[    0.308383] PCI host bridge to bus 0000:00
[    0.309428] pci_bus 0000:00: root bus resource [io  0x0000-0x0cf7 window]
[    0.312010] pci_bus 0000:00: root bus resource [io  0x0d00-0xffff window]
[    0.316008] pci_bus 0000:00: root bus resource [mem 0x000a0000-0x000bffff window]
[    0.318476] pci_bus 0000:00: root bus resource [mem 0x40000000-0xffdfffff window]
[    0.320010] pci_bus 0000:00: root bus resource [bus 00-ff]
[    0.324683] pci 0000:00:01.1: legacy IDE quirk: reg 0x10: [io  0x01f0-0x01f7]
[    0.328011] pci 0000:00:01.1: legacy IDE quirk: reg 0x14: [io  0x03f6]
[    0.329068] pci 0000:00:01.1: legacy IDE quirk: reg 0x18: [io  0x0170-0x0177]
[    0.332013] pci 0000:00:01.1: legacy IDE quirk: reg 0x1c: [io  0x0376]
[    0.355712] ACPI: PCI Interrupt Link [LNKA] (IRQs 5 9 10 11) *0, disabled.
[    0.362546] ACPI: PCI Interrupt Link [LNKB] (IRQs 5 9 10 *11)
[    0.364503] ACPI: PCI Interrupt Link [LNKC] (IRQs 5 9 *10 11)
[    0.366271] ACPI: PCI Interrupt Link [LNKD] (IRQs 5 *9 10 11)
[    0.368113] ACPI: Enabled 2 GPEs in block 00 to 07
[    0.369450] vgaarb: setting as boot device: PCI:0000:00:02.0
[    0.371489] vgaarb: device added: PCI:0000:00:02.0,decodes=io+mem,owns=io+mem,locks=none
[    0.372023] vgaarb: loaded
[    0.372694] vgaarb: bridge control possible 0000:00:02.0
[    0.376238] SCSI subsystem initialized
[    0.377286] ACPI: bus type USB registered
[    0.380034] usbcore: registered new interface driver usbfs
[    0.384766] usbcore: registered new interface driver hub
[    0.388056] usbcore: registered new device driver usb
[    0.389393] PCI: Using ACPI for IRQ routing
[    0.392267] NetLabel: Initializing
[    0.393081] NetLabel:  domain hash size = 128
[    0.394035] NetLabel:  protocols = UNLABELED CIPSOv4
[    0.396021] NetLabel:  unlabeled traffic allowed by default
[    0.396713] amd_nb: Cannot enumerate AMD northbridges
[    0.400061] clocksource: Switched to clocksource refined-jiffies
[    0.412322] AppArmor: AppArmor Filesystem Enabled
[    0.416083] pnp: PnP ACPI init
[    0.419067] pnp: PnP ACPI: found 4 devices
[    0.433565] clocksource: acpi_pm: mask: 0xffffff max_cycles: 0xffffff, max_idle_ns: 2085701024 ns
[    0.436066] clocksource: Switched to clocksource acpi_pm
[    0.451459] NET: Registered protocol family 2
[    0.452751] TCP established hash table entries: 8192 (order: 4, 65536 bytes)
[    0.454133] TCP bind hash table entries: 8192 (order: 5, 131072 bytes)
[    0.455218] TCP: Hash tables configured (established 8192 bind 8192)
[    0.5738] UDP hash taleenie 512 (order: 2, 164 bytes)
[    0.966427] DPite shtale entries: 512 (order: 2, 16384 bytes)
[    1.327915] NET: Registered protocol family 1
[    1.329043] pci 0000:00:00.0: Limiting direct PCI/PCI transfers
[   1.33022 pci 0000:00:01.0: Activating ISA DMA hang workarounds
[    1.483950] Unpacking initramfs...

[    3.112001] Freeing initrd memory: 10908K
[    3.119204] RAPL PMU detected, API unit is 2^-32 Joules, 3 fixed counters 10737418240 ms ovfl timer
[    3.126592] hw unit of domain pp0-core 2^-0 Joules
[    3.127442] hw unit of domain package 2^-0 Joules
[    3.128971] hw unit of domain pp1-gpu 2^-0 Joules
[    3.138010] platform rtc_cmos: registered platform RTC device (no PNP device found)
[    3.139444] Scanning for low memory corruption every 60 seconds
[    3.146727] audit: initializing netlink subsys (disabled)
[    3.147678] audit: type=2000 audit(1532684199.143:1): initialized
[   3.87] itli ste tsted keyring

[    3.979717] HugeTLB registered 2 MB page size, pre-allocated 0 pages
[    3.991769] zbud: loaded
[    4.002686] VFS: Disk quotas dquot_6.6.0
[    4.004088] VFS: Dquot-cache hash table entries: 512 (order 0, 4096 bytes)
[    4.005719] squashfs: version 4.0 (2009/01/31) Phillip Lougher
[    4.012552] fuse init (API version 7.23)
[   4.01984] K te big_key registered

[    4.372086] tsc: Refined TSC cocksource calibration: 2893.439 MHz

[    4.425841] clocksource: tsc: mask: 0xffffffffffffffff max_cycles: 0x29b50d1b04d, max_idle_ns: 440795225211 ns
[    4.426282] Allocating IMA MOK and blacklist keyrings.
[    4.427324] Key type asymmetric registered
[    4.427328] Asymmetric key parser 'x509' registered
[    4.427377] Block layer SCSI generic (bsg) driver version 0.4 loaded (major 249)
[    4.427427] io scheduler noop registered
[    4.427430] io scheduler deadline registered (default)
[    4.427461] io scheduler cfq registered
[    4.427551] pci_hotplug: PCI Hot Plug PCI Core version: 0.5
[    4.427557] pciehp: PCI Express Hot Plug Controller Driver version: 0.4
[    4.427694] ACPI: AC Adapter [AC] (on-line)
[    4.427757] input: Power Button as /devices/LNXSYSTM:00/LNXPWRBN:00/input/input0
[    4.427761] ACPI: Power Button [PWRF]
[    4.427823] input: Sleep Button as /devices/LNXSYSTM:00/LNXSLPBN:00/input/input1
[    4.427826] ACPI: Sleep Button [SLPF]
[    4.428000] GHES: HEST is not enabled!
[    4.428829] ACPI: Battery Slot [BAT0] (battery present)
[    4.428897] Serial: 8250/16550 driver, 32 ports, IRQ sharing enabled
[    4.451093] 00:03: ttyS0 at I/O 0x3f8 (irq = 4, base_baud = 115200) is a 16550A
[    4.462871] Linux agpgart interface v0.103
[    4.491165] loop: module loaded
[    4.491919] scsi host0: ata_piix
[    4.492497] scsi host1: ata_piix
[    4.492555] ata1: PATA max UDMA/33 cmd 0x1f0 ctl 0x3f6 bmdma 0xd000 irq 14
[    4.492559] ata2: PATA max UDMA/33 cmd 0x170 ctl 0x376 bmdma 0xd008 irq 15
[    4.492679] libphy: Fixed MDIO Bus: probed
[    4.492684] tun: Universal TUN/TAP device driver, 1.6
[    4.492686] tun: (C) 1999-2004 Max Krasnyansky <maxk@qualcomm.com>
[    4.493105] PPP generic driver version 2.4.2
[    4.493185] ehci_hcd: USB 2.0 'Enhanced' Host Controller (EHCI) Driver
[    4.493191] ehci-pci: EHCI PCI platform driver
[    4.493203] ehci-platform: EHCI generic platform driver
[    4.493215] ohci_hcd: USB 1.1 'Open' Host Controller (OHCI) Driver
[    4.493220] ohci-pci: OHCI PCI platform driver
[    4.493231] ohci-platform: OHCI generic platform driver
[    4.493241] uhci_hcd: USB Universal Host Controller Interface driver
[    4.493309] i8042: PNP: PS/2 Controller [PNP0303:PS2K,PNP0f03:PS2M] at 0x60,0x64 irq 1,12
[    4.502390] serio: i8042 KBD port at 0x60,0x64 irq 1
[    4.502400] serio: i8042 AUX port at 0x60,0x64 irq 12
[    4.502594] mousedev: PS/2 mouse device common for all mice
[    4.503279] rtc_cmos rtc_cmos: rtc core: registered rtc_cmos as rtc0
[    4.503354] rtc_cmos rtc_cmos: alarms up to one day, 114 bytes nvram
[    4.503364] i2c /dev entries driver
[    4.503430] device-mapper: uevent: version 1.0.3
[    4.503538] device-mapper: ioctl: 4.34.0-ioctl (2015-10-28) initialised: dm-devel@redhat.com
[    4.503560] ledtrig-cpu: registered to indicate activity on CPUs
[    4.504108] NET: Registered protocol family 10
[    4.504311] NET: Registered protocol family 17
[    4.504322] Key type dns_resolver registered
[    4.504797] microcode: CPU0 sig=0x306a9, pf=0x2, revision=0x19
[    4.504806] microcode: CPU1 sig=0x306a9, pf=0x2, revision=0x19
[    4.504847] microcode: Microcode Update Driver: v2.01 <tigran@aivazian.fsnet.co.uk>, Peter Oruba
[    4.505098] registered taskstats version 1
[    4.505121] Loading compiled-in X.509 certificates
[    4.505814] Loaded X.509 cert 'Build time autogenerated kernel key: b3e0fe4bcd6378c38a2c0a4648abbc1fa5043a22'
[    4.505833] zswap: loaded using pool lzo/zbud
[    4.508164] Key type trusted registered
[    4.512182] Key type encrypted registered
[    4.512191] AppArmor: AppArmor sha1 policy hashing enabled
[    4.512197] ima: No TPM chip found, activating TPM-bypass!
[    4.512205] ima: Allocated hash algorithm: sha1
[    4.512228] evm: HMAC attrs: 0x1
[    4.512590]   Magic number: 10:569:627
[    4.517356] rtc_cmos rtc_cmos: setting system clock to 2018-07-27 09:36:46 UTC (1532684206)
[    4.517472] BIOS EDD facility v0.16 2004-Jun-25, 0 devices found
[    4.517475] EDD information not available.
[    4.523893] input: AT Translated Set 2 keyboard as /devices/platform/i8042/serio0/input/input2
[    4.904355] Freeing unused kernel memory: 1516K
[    4.964254] Write protecting the kernel read-only data: 14336k
[    4.982282] Freeing unused kernel memory: 1680K
[    4.994613] Freeing unused kernel memory: 96K
Loading, please wait...
starting version[    5.013214] random: systemd-udevd: uninitialized urandom read (16 bytes read, 3 bits of entropy available)
 229
[    5.014207] random: udevadm: uninitialized urandom read (16 bytes read, 3 bits of entropy available)
[    5.014232] random: udevadm: uninitialized urandom read (16 bytes read, 3 bits of entropy available)
[    5.026060] random: udevadm: uninitialized urandom read (16 bytes read, 3 bits of entropy available)
[    5.026107] random: udevadm: uninitialized urandom read (16 bytes read, 3 bits of entropy available)
[    5.026286] random: udevadm: uninitialized urandom read (16 bytes read, 3 bits of entropy available)
[    5.026356] random: udevadm: uninitialized urandom read (16 bytes read, 3 bits of entropy available)
[    5.026420] random: udevadm: uninitialized urandom read (16 bytes read, 3 bits of entropy available)
[    5.026492] random: udevadm: uninitialized urandom read (16 bytes read, 3 bits of entropy available)
[    5.026557] random: udevadm: uninitialized urandom read (16 bytes read, 3 bits of entropy available)
[    5.107759] e1000: Intel(R) PRO/1000 Network Driver - version 7.3.21-k8-NAPI
[    5.140159] e1000: Copyright (c) 1999-2006 Intel Corporation.
[    5.150053] Fusion MPT base driver 3.04.20
[    5.151111] Copyright (c) 1999-2008 LSI Corporation
[    5.163135] Fusion MPT SPI Host driver 3.04.20
[    5.180397] mptbase: ioc0: Initiating bringup
[    5.255955] ioc0: LSI53C1030 A0: Capabilities={Initiator}
[    5.761217] input: ImExPS/2 Generic Explorer Mouse as /devices/platform/i8042/serio1/input/input4
[    5.900425] clocksource: Switched to clocksource tsc
[    5.919763] scsi host2: ioc0: LSI53C1030 A0, FwRev=00000000h, Ports=1, MaxQ=256, IRQ=20
[    6.056623] scsi 2:0:0:0: Direct-Access     VBOX     HARDDISK         1.0  PQ: 0 ANSI: 5
[    6.163955] scsi target2:0:0: Beginning Domain Validation
[    6.269509] scsi target2:0:0: Domain Validation skipping write tests
[    6.272245] scsi target2:0:0: Ending Domain Validation
[    6.274193] scsi target2:0:0: asynchronous
[    6.277040] scsi 2:0:1:0: Direct-Access     VBOX     HARDDISK         1.0  PQ: 0 ANSI: 5
[    6.279450] scsi target2:0:1: Beginning Domain Validation
[    6.283689] scsi target2:0:1: Domain Validation skipping write tests
[    6.285383] scsi target2:0:1: Ending Domain Validation
[    6.287307] scsi target2:0:1: asynchronous
[    6.308771] sd 2:0:0:0: Attached scsi generic sg0 type 0
[    6.311269] sd 2:0:0:0: [sda] 20971520 512-byte logical blocks: (10.7 GB/10.0 GiB)
[    6.316650] sd 2:0:1:0: Attached scsi generic sg1 type 0
[    6.319149] sd 2:0:1:0: [sdb] 20480 512-byte logical blocks: (10.5 MB/10.0 MiB)
[    6.321945] sd 2:0:0:0: [sda] Write Protect is off
[    6.323547] sd 2:0:1:0: [sdb] Write Protect is off
[    6.327527] sd 2:0:0:0: [sda] Incomplete mode parameter data
[    6.347734] sd 2:0:0:0: [sda] Assuming drive cache: write through
[    6.360837] sd 2:0:1:0: [sdb] Incomplete mode parameter data
[    6.394601] sd 2:0:1:0: [sdb] Assuming drive cache: write through
[    6.426047]  sda: sda1
[    6.435193] sd 2:0:0:0: [sda] Attached SCSI disk
[    6.447212] sd 2:0:1:0: [sdb] Attached SCSI disk
[    6.462469] e1000 0000:00:03.0 eth0: (PCI:33MHz:32-bit) 02:f6:92:8e:b0:b4
[    6.471521] e1000 0000:00:03.0 eth0: Intel(R) PRO/1000 Network Connection
[    6.475447] e1000 0000:00:03.0 enp0s3: renamed from eth0
Begin: Loading essential drivers ... [    8.526872] md: linear personality registered for level -1
[    8.538742] md: multipath personality registered for level -4
[    8.565258] md: raid0 personality registered for level 0
[    8.578361] md: raid1 personality registered for level 1
[    8.664162] raid6: sse2x1   gen()  2739 MB/s
[    8.736167] raid6: sse2x1   xor()  2237 MB/s
[    8.820173] raid6: sse2x2   gen()  3630 MB/s
[    8.889730] raid6: sse2x2   xor()  2386 MB/s
[    8.964168] raid6: sse2x4   gen()  4707 MB/s
[    9.036132] raid6: sse2x4   xor()  2979 MB/s
[    9.038543] raid6: using algorithm sse2x4 gen() 4707 MB/s
[    9.042580] raid6: .... xor() 2979 MB/s, rmw enabled
[    9.045674] raid6: using ssse3x2 recovery algorithm
[    9.057011] xor: measuring software checksum speed
[    9.108158]    prefetch64-sse:  6636.000 MB/sec
[    9.164168]    generic_sse:  5854.000 MB/sec
[    9.168005] xor: using function: prefetch64-sse (6636.000 MB/sec)
[    9.198394] async_tx: api initialized (async)
[    9.228231] md: raid6 personality registered for level 6
[    9.232308] md: raid5 personality registered for level 5
[    9.235800] md: raid4 personality registered for level 4
[    9.257157] md: raid10 personality registered for level 10
done.
Begin: Running /scripts/init-premount ... done.
Begin: Mounting root file system ... Begin: Running /scripts/local-top ... done.
Begin: Running /scripts/local-premount ... [    9.393317] Btrfs loaded
Scanning for Btrfs filesystems
done.
Warning: fsck not present, so skipping root file system
[    9.594004] EXT4-fs (sda1): mounted filesystem with ordered data mode. Opts: (null)
done.
Begin: Running /scripts/local-bottom ... done.
Begin: Running /scripts/init-bottom ... done.
[   10.232377] systemd[1]: systemd 229 running in system mode. (+PAM +AUDIT +SELINUX +IMA +APPARMOR +SMACK +SYSVINIT +UTMP +LIBCRYPTSETUP +GCRYPT +GNUTLS +ACL +XZ -LZ4 +SECCOMP +BLKID +ELFUTILS +KMOD -IDN)
[   10.247240] systemd[1]: Detected virtualization oracle.
[   10.251237] systemd[1]: Detected architecture x86-64.

Welcome to [1mUbuntu 16.04.4 LTS[0m!

[   10.367476] systemd[1]: Set hostname to <ubuntu-xenial>.
[   10.646039] random: nonblocking pool is initialized
[   11.492984] systemd[1]: Reached target User and Group Name Lookups.
[[0;32m  OK  [0m] Reached target User and Group Name Lookups.
[   11.504583] systemd[1]: Listening on Syslog Socket.
[[0;32m  OK  [0m] Listening on Syslog Socket.
[   11.534260] systemd[1]: Listening on Journal Socket (/dev/log).
[[0;32m  OK  [0m] Listening on Journal Socket (/dev/log).
[   11.580690] systemd[1]: Started Forward Password Requests to Wall Directory Watch.
[[0;32m  OK  [0m] Started Forward Password Requests to Wall Directory Watch.
[   11.605110] systemd[1]: Listening on LVM2 poll daemon socket.
[[0;32m  OK  [0m] Listening on LVM2 poll daemon socket.
[   11.644759] systemd[1]: Set up automount Arbitrary Executable File Formats File System Automount Point.
[[0;32m  OK  [0m] Set up automount Arbitrary Executab...ats File System Automount Point.
[   11.680899] systemd[1]: Listening on Journal Socket.
[[0;32m  OK  [0m] Listening on Journal Socket.
[   11.691141] systemd[1]: Listening on udev Control Socket.
[[0;32m  OK  [0m] Listening on udev Control Socket.
[   11.697129] systemd[1]: Reached target Swap.
[[0;32m  OK  [0m] Reached target Swap.
[   11.709908] systemd[1]: Listening on Device-mapper event daemon FIFOs.
[[0;32m  OK  [0m] Listening on Device-mapper event daemon FIFOs.
[   11.721761] systemd[1]: Reached target System Time Synchronized.
[[0;32m  OK  [0m] Reached target System Time Synchronized.
[   11.752549] systemd[1]: Listening on Journal Audit Socket.
[[0;32m  OK  [0m] Listening on Journal Audit Socket.
[   11.758514] systemd[1]: Listening on udev Kernel Socket.
[[0;32m  OK  [0m] Listening on udev Kernel Socket.
[   11.770111] systemd[1]: Started Trigger resolvconf update for networkd DNS.
[[0;32m  OK  [0m] Started Trigger resolvconf update for networkd DNS.
[   11.785832] systemd[1]: Listening on LVM2 metadata daemon socket.
[[0;32m  OK  [0m] Listening on LVM2 metadata daemon socket.
[   11.829088] systemd[1]: Created slice System Slice.
[[0;32m  OK  [0m] Created slice System Slice.
[   11.860738] systemd[1]: Created slice system-serial\x2dgetty.slice.
[[0;32m  OK  [0m] Created slice system-serial\x2dgetty.slice.
[   11.944560] systemd[1]: Starting Set console keymap...
         Starting Set console keymap...
[   12.000599] systemd[1]: Starting Journal Service...
         Starting Journal Service...
[   12.056003] systemd[1]: Starting Create list of required static device nodes for the current kernel...
         Starting Create list of required st... nodes for the current kernel...
[   12.180673] systemd[1]: Mounting POSIX Message Queue File System...
         Mounting POSIX Message Queue File System...
[   12.324687] systemd[1]: Starting Remount Root and Kernel File Systems...
         Starting Remount Root and Kernel File Systems...
[   12.362906] EXT4-fs (sda1): re-mounted. Opts: (null)
[   12.388955] systemd[1]: Starting Load Kernel Modules...
         Starting Load Kernel Modules...
[   12.473936] systemd[1]: Mounting Debug File System...
         Mounting Debug File System...
[   12.534097] systemd[1]: Starting Monitoring of LVM2 mirrors, snapshots etc. using dmeventd or progress polling...
         Starting Monitoring of LVM2 mirrors... dmeventd or progress polling...
[   12.558831] systemd[1]: Mounting Huge Pages File System...
         Mounting Huge Pages File System...
[   12.577882] systemd[1]: Starting Nameserver information manager...
         Starting Nameserver information manager...
[   12.599664] systemd[1]: Starting Uncomplicated firewall...
         Starting Uncomplicated firewall...
[   12.664793] systemd[1]: Reached target Encrypted Volumes.
[[0;32m  OK  [0m] Reached target Encrypted Volumes.
[   12.974467] systemd[1]: Created slice User and Session Slice.
[[0;32m  OK  [0m] Created slice User and Session Slice.
[   13.056556] systemd[1]: Reached target Slices.
[[0;32m  OK  [0m] Reached target Slices.
[   13.077373] systemd[1]: Listening on /dev/initctl Compatibility Named Pipe.
[   13.089865] Loading iSCSI transport class v2.0-870.
[[0;32m  OK  [0m] Listening on /dev/initctl Compatibility Named Pipe.
[   13.202926] systemd[1]: Mounted Huge Pages File System.
[[0;32m  OK  [0m] Mounted Huge Pages File System.
[   13.256754] systemd[1]: Mounted Debug File System.
[[0;32m  OK  [0[   13.269438] iscsi: registered transport (tcp)
m] Mounted Debug File System.
[   13.312499] systemd[1]: Mounted POSIX Message Queue File System.
[[0;32m  OK  [0m] Mounted POSIX Message Queue File System.
[   13.473795] systemd[1]: Started Journal Service.
[[0;32m  OK  [0m] Started Journal Service.
[   13.569593] iscsi: registered transport (iser)
[[0;32m  OK  [0m] Started Set console keymap.
[[0;32m  OK  [0m] Started Create list of required sta...ce nodes for the current kernel.
[[0;32m  OK  [0m] Started Remount Root and Kernel File Systems.
[[0;32m  OK  [0m] Started Load Kernel Modules.
[[0;32m  OK  [0m] Started Uncomplicated firewall.
[[0;32m  OK  [0m] Started Nameserver information manager.
[[0;32m  OK  [0m] Started LVM2 metadata daemon.
         Mounting FUSE Control File System...
         Starting Apply Kernel Variables...
         Starting udev Coldplug all Devices...
         Starting Load/Save Random Seed...
         Starting Create Static Device Nodes in /dev...
         Starting Flush Journal to Persistent Storage...
[[0;32m  OK  [0m] Mounted FUSE Control File System.
[[0;32m  OK  [0m] Started Apply Kernel Variables.
[[0;32m  OK  [0m] Started Load/Save Random Seed.
[[0;32m  OK  [0m] Started Monitoring of LVM2 mirrors,...ng dmeventd or progress polling.
[[0;32m  OK  [0m] Started Create Static Device Nodes in /dev.
[[0;32m  OK  [0m] Started udev Coldplug all Devices.
[[0;32m  OK  [0m] Started Flush Journal to Persistent Storage.
         Starting udev Kernel Device Manager...
[[0;32m  OK  [0m] Started udev Kernel Device Manager.
[[0;32m  OK  [0m] Started Dispatch Password Requests to Console Directory Watch.
[[0;32m  OK  [0m] Reached target Local File Systems (Pre).
[[0;32m  OK  [0m] Reached target Local File Systems.
         Starting Create Volatile Files and Directories...
         Starting Tell Plymouth To Write Out Runtime Data...
         Starting Initial cloud-init job (pre-networking)...
         Starting LSB: AppArmor initialization...
         Starting Set console font and keymap...
[[0;32m  OK  [0m] Started Tell Plymouth To Write Out Runtime Data.
[[0;32m  OK  [0m] Found device /dev/ttyS0.
[[0;32m  OK  [0m] Started Create Volatile Files and Directories.
         Starting Update UTMP about System Boot/Shutdown...
[[0;32m  OK  [0m] Listening on Load/Save RF Kill Switch Status /dev/rfkill Watch.
[[0;32m  OK  [0m] Started Update UTMP about System Boot/Shutdown.
[[0;32m  OK  [0m] Found device 82540EM Gigabit Ethern...r (PRO/1000 MT Desktop Adapter).
[[0;32m  OK  [0m] Started LSB: AppArmor initialization.
[[0;32m  OK  [0m] Started Set console font and keymap.
[[0;32m  OK  [0m] Created slice system-getty.slice.
[   22.135652] cloud-init[472]: Cloud-init v. 18.2 running 'init-local' at Fri, 27 Jul 2018 09:37:03 +0000. Up 21.12 seconds.
[[0;32m  OK  [0m] Started Initial cloud-init job (pre-networking).
[[0;32m  OK  [0m] Reached target Network (Pre).
         Starting Raise network interfaces...
[[0;32m  OK  [0m] Started ifup for enp0s3.
[[0;32m  OK  [0m] Started Raise network interfaces.
[[0;32m  OK  [0m] Reached target Network.
         Starting Initial cloud-init job (metadata service crawler)...
[   25.509180] cloud-init[982]: Cloud-init v. 18.2 running 'init' at Fri, 27 Jul 2018 09:37:05 +0000. Up 23.77 seconds.
[   25.534093] cloud-init[982]: ci-info: +++++++++++++++++++++++++++++++++++++Net device info++++++++++++++++++++++++++++++++++++++
[   25.622252] cloud-init[982]: ci-info: +--------+------+----------------------------+---------------+-------+-------------------+
[   25.650449] cloud-init[982]: ci-info: | Device |  Up  |          Address           |      Mask     | Scope |     Hw-Address    |
[   25.667746] cloud-init[982]: ci-info: +--------+------+----------------------------+---------------+-------+-------------------+
[   25.729334] cloud-init[982]: ci-info: | enp0s3 | True |         10.0.2.15          | 255.255.255.0 |   .   | 02:f6:92:8e:b0:b4 |
[[0;32m  OK  [0m] Started Initial cloud-init job (metadata service crawler).
[   25.730335] cloud-init[982]: ci-info: | enp0s3 | True | fe80::f6:92ff:fe8e:b0b4/64 |       .       |  link | 02:f6:92:8e:b0:b4 |
[   25.860804] cloud-init[982]: ci-info: |   lo   | True |         127.0.0.1          |   255.0.0.0   |   .   |         .         |
[   25.861816] cloud-init[982]: ci-info: |   lo   | True |          ::1/128           |       .       |  host |         .         |
[[0;32m  OK  [0m] Reached target System Initialization.
[   25.862323] cloud-init[982]: ci-info: +--------+------+----------------------------+---------------+-------+-------------------+
[   26.197428] cloud-init[982]: ci-info: +++++++++++++++++++++++++++Route IPv4 info++++++++++++++++++++++++++++
[   26.209481] cloud-init[982]: ci-info: +-------+-------------+----------+---------------+-----------+-------+
[   26.217070] cloud-init[982]: ci-info: | Route | Destination | Gateway  |    Genmask    | Interface | Flags |
[   26.231304] cloud-init[982]: ci-info: +-------+-------------+----------+---------------+-----------+-------+
[   26.284368] cloud-init[982]: ci-info: |   0   |   0.0.0.0   | 10.0.2.2 |    0.0.0.0    |   enp0s3  |   UG  |
[   26.352233] cloud-init[982]: ci-info: |   1   |   10.0.2.0  | 0.0.0.0  | 255.255.255.0 |   enp0s3  |   U   |
[   26.353227] cloud-init[982]: ci-info: +-------+-------------+----------+---------------+-----------+-------+
[[0;32m  OK  [0m] Started ACPI Events Check.
[[0;32m  OK  [0m] Reached target Paths.
[[0;32m  OK  [0m] Listening on ACPID Listen Socket.
         Starting LXD - unix socket.
         Starting Socket activation for snappy daemon.
[[0;32m  OK  [0m] Started Daily Cleanup of Temporary Directories.
[[0;32m  OK  [0m] Listening on D-Bus System Message Bus Socket.
[[0;32m  OK  [0m] Started Daily apt download activities.
[[0;32m  OK  [0m] Started Daily apt upgrade and clean activities.
[[0;32m  OK  [0m] Reached target Timers.
[[0;32m  OK  [0m] Listening on UUID daemon activation socket.
[[0;32m  OK  [0m] Reached target Network is Online.
         Starting iSCSI initiator daemon (iscsid)...
[[0;32m  OK  [0m] Reached target Cloud-config availability.
[[0;32m  OK  [0m] Listening on LXD - unix socket.
[[0;32m  OK  [0m] Listening on Socket activation for snappy daemon.
[[0;32m  OK  [0m] Reached target Sockets.
[[0;32m  OK  [0m] Reached target Basic System.
         Starting System Logging Service...
[[0;32m  OK  [0m] Started Regular background program processing daemon.
[[0;32m  OK  [0m] Started Deferred execution scheduler.
[[0;32m  OK  [0m] Started ACPI event daemon.
         Starting Apply the settings specified in cloud-config...
         Starting Login Service...
[[0;32m  OK  [0m] Started D-Bus System Message Bus.
         Starting /etc/rc.local Compatibility...
         Starting OpenBSD Secure Shell server...
         Starting Virtualbox guest utils...
[[0;32m  OK  [0m] Started Unattended Upgrades Shutdown.
         Starting Accounts Service...
         Starting LSB: MD monitoring daemon...
         Starting LSB: Record successful boot for GRUB...
[[0;32m  OK  [0m] Started FUSE filesystem for LXC.
         Starting Snappy daemon...
         Starting LXD - container startup/shutdown...
[[0;32m  OK  [0m] Started System Logging Service.
[[0;32m  OK  [0m] Started iSCSI initiator daemon (iscsid).
[[0;32m  OK  [0m] Started /etc/rc.local Compatibility.
         Starting Login to default iSCSI targets...
[[0;32m  OK  [0m] Started Login Service.
[[0;32m  OK  [0m] Started LSB: Record successful boot for GRUB.
[[0;32m  OK  [0m] Started LSB: MD monitoring daemon.
[[0;32m  OK  [0m] Started OpenBSD Secure Shell server.
[[0;32m  OK  [0m] Started Login to default iSCSI targets.
[[0;32m  OK  [0m] Reached target Remote File Systems (Pre).
[[0;32m  OK  [0m] Reached target Remote File Systems.
         Starting LSB: Set the CPU Frequency Scaling governor to "ondemand"...
         Starting LSB: automatic crash report generation...
         Starting Permit User Sessions...
         Starting LSB: daemon to balance interrupts for SMP systems...
[[0;32m  OK  [0m] Started LSB: Set the CPU Frequency Scaling governor to "ondemand".
[[0;32m  OK  [0m] Started Permit User Sessions.
         Starting Hold until boot process finishes up...
         Starting Terminate Plymouth Boot Screen...
[[0;32m  OK  [0m] Started Hold until boot process finishes up.
[   29.889209] cloud-init[1053]: Cloud-init v. 18.2 running 'modules:config' at Fri, 27 Jul 2018 09:37:10 +0000. Up 28.50 seconds.
[[0;32m  OK  [0m] Started Terminate Plymouth Boot Screen.
[[0;32m  OK  [0m] Started Serial Getty on ttyS0.
[[0;32m  OK  [0m] Started Getty on tty1.
[[0;32m  OK  [0m] Reached target Login Prompts.
         Starting Set console scheme...
[[0;32m  OK  [0m] Started Apply the settings specified in cloud-config.
[[0;32m  OK  [0m] Started Virtualbox guest utils.
[[0;32m  OK  [0m] Started LSB: daemon to balance interrupts for SMP systems.
[[0;32m  OK  [0m] Started Set console scheme.
[[0;32m  OK  [0m] Started LSB: automatic crash report generation.
         Starting Authenticate and Authorize Users to Run Privileged Tasks...
[[0;32m  OK  [0m] Started Authenticate and Authorize Users to Run Privileged Tasks.
[[0;32m  OK  [0m] Started Accounts Service.
[[0;32m  OK  [0m] Created slice User Slice of vagrant.
         Starting User Manager for UID 1000...
[[0;32m  OK  [0m] Started Session 1 of user vagrant.
[[0;32m  OK  [0m] Started User Manager for UID 1000.
[[0;32m  OK  [0m] Started LXD - container startup/shutdown.
[[0;32m  OK  [0m] Started Snappy daemon.
         Starting Wait until snapd is fully seeded...
[[0;32m  OK  [0m] Started Wait until snapd is fully seeded.
[[0;32m  OK  [0m] Reached target Multi-User System.
[[0;32m  OK  [0m] Reached target Graphical Interface.
         Starting Update UTMP about System Runlevel Changes...
         Starting Execute cloud user/final scripts...
[[0;32m  OK  [0m] Started Update UTMP about System Runlevel Changes.
[   34.087800] cloud-init[1268]: Cloud-init v. 18.2 running 'modules:final' at Fri, 27 Jul 2018 09:37:15 +0000. Up 33.61 seconds.
[   34.156764] cloud-init[1268]: Cloud-init v. 18.2 finished at Fri, 27 Jul 2018 09:37:16 +0000. Datasource DataSourceNoCloud [seed=/dev/sdb][dsmode=net].  Up 34.05 seconds
[[0;32m  OK  [0m] Started Execute cloud user/final scripts.
[[0;32m  OK  [0m] Reached target Cloud-init target.

Ubuntu 16.04.4 LTS ubuntu-xenial ttyS0

ubuntu-xenial login: 